<?xml version="1.0" encoding="UTF-8"?>
<!-- Generated by org.testng.reporters.JUnitXMLReporter -->
<testsuite ignored="0" hostname="Swati" failures="1" tests="1" name="Default test" time="8.651" errors="0" timestamp="2024-10-17T19:37:26 IST">
  <testcase classname="io.cucumber.testng.AbstractTestNGCucumberTests" name="runScenario" time="8.014">
    <failure type="java.lang.NullPointerException" message="Cannot invoke &amp;quot;swatikagalkaracademy.pageObjects.ConfirmationPage.getConfirmationMessage()&amp;quot; because &amp;quot;this.confirmPage&amp;quot; is null">
      <![CDATA[java.lang.NullPointerException: Cannot invoke "swatikagalkaracademy.pageObjects.ConfirmationPage.getConfirmationMessage()" because "this.confirmPage" is null
at swatikagalkaracademy.stepDefinitions.StepDefinitionImpl.message_is_displayed_on_confirmation_page(StepDefinitionImpl.java:56)
at ✽."THANKYOU FOR THE ORDER." message is displayed on Confirmation page.(file:///C:/Users/swati/eclipse-workspace/SeleniumFrameworkDesign2/src/test/java/Cucumber/SubmitOrder.feature:15)
]]>
    </failure>
  </testcase> <!-- runScenario -->
</testsuite> <!-- Default test -->
