<?xml version="1.0" encoding="UTF-8"?>
<!-- Generated by org.testng.reporters.JUnitXMLReporter -->
<testsuite ignored="0" hostname="Swati" failures="0" tests="2" name="Error Validations Test" time="10.433" errors="0" timestamp="2024-10-17T13:35:31 IST">
  <testcase classname="swatikagalkaracademy.Tests.ErrorValidationsTest" name="LoginErrorValidation" time="0.408"/>
  <testcase classname="swatikagalkaracademy.Tests.ErrorValidationsTest" name="ProductErrorValidations" time="3.898"/>
</testsuite> <!-- Error Validations Test -->
