<?xml version="1.0" encoding="UTF-8"?>
<!-- Generated by org.testng.reporters.JUnitXMLReporter -->
<testsuite ignored="0" hostname="Swati" failures="0" tests="3" name="Submit Order Test" time="16.843" errors="0" timestamp="2024-10-17T13:35:37 IST">
  <testcase classname="swatikagalkaracademy.Tests.SubmitOrderTest" name="submitOrder" time="4.807"/>
  <testcase classname="swatikagalkaracademy.Tests.SubmitOrderTest" name="submitOrder" time="4.697"/>
  <testcase classname="swatikagalkaracademy.Tests.SubmitOrderTest" name="OrderHistoryTest" time="0.582"/>
</testsuite> <!-- Submit Order Test -->
