<?xml version="1.0" encoding="UTF-8"?>
<!-- Generated by org.testng.reporters.JUnitXMLReporter -->
<testsuite ignored="0" hostname="Swati" failures="0" tests="2" name="Error Validations Test" time="9.3" errors="0" timestamp="2024-10-17T13:36:09 IST">
  <testcase classname="swatikagalkaracademy.Tests.ErrorValidationsTest" name="LoginErrorValidation" time="1.085"/>
  <testcase classname="swatikagalkaracademy.Tests.ErrorValidationsTest" name="ProductErrorValidations" time="3.93"/>
</testsuite> <!-- Error Validations Test -->
