-------------------------------------------------------------------------------
Test set: Cucumber.TestNGTestRunner
-------------------------------------------------------------------------------
Tests run: 1, Failures: 1, Errors: 0, Skipped: 0, Time elapsed: 8.245 s <<< FAILURE! -- in Cucumber.TestNGTestRunner
Cucumber.TestNGTestRunner.runScenario["Positive Test of Submitting the order", "Purchase the order from Ecommerce Website"](1) -- Time elapsed: 7.208 s <<< FAILURE!
java.lang.NullPointerException: Cannot invoke "swatikagalkaracademy.pageObjects.ConfirmationPage.getConfirmationMessage()" because "this.confirmPage" is null
	at swatikagalkaracademy.stepDefinitions.StepDefinitionImpl.message_is_displayed_on_confirmation_page(StepDefinitionImpl.java:56)
	at ✽."THANKYOU FOR THE ORDER." message is displayed on Confirmation page.(file:///C:/Users/swati/eclipse-workspace/SeleniumFrameworkDesign2/src/test/java/Cucumber/SubmitOrder.feature:15)

