<?xml version="1.0" encoding="UTF-8"?>
<testng-results ignored="0" total="1" passed="0" failed="1" skipped="0">
  <reporter-output>
  </reporter-output>
  <suite started-at="2024-10-17T19:29:40 IST" name="Surefire suite" finished-at="2024-10-17T19:29:47 IST" duration-ms="7794">
    <groups>
      <group name="cucumber">
        <method signature="AbstractTestNGCucumberTests.runScenario(io.cucumber.testng.PickleWrapper,io.cucumber.testng.FeatureWrapper)[pri:0, instance:Cucumber.TestNGTestRunner@3d74bf60]" name="runScenario" class="io.cucumber.testng.AbstractTestNGCucumberTests"/>
      </group> <!-- cucumber -->
    </groups>
    <test started-at="2024-10-17T19:29:40 IST" name="Surefire test" finished-at="2024-10-17T19:29:47 IST" duration-ms="7794">
      <class name="Cucumber.TestNGTestRunner">
        <test-method is-config="true" signature="setUpClass(org.testng.ITestContext)[pri:0, instance:Cucumber.TestNGTestRunner@3d74bf60]" started-at="2024-10-17T19:29:40 IST" name="setUpClass" finished-at="2024-10-17T19:29:40 IST" duration-ms="533" status="PASS">
          <params>
            <param index="0">
              <value>
                <![CDATA[org.testng.TestRunner@1687eb01]]>
              </value>
            </param>
          </params>
          <reporter-output>
          </reporter-output>
        </test-method> <!-- setUpClass -->
        <test-method signature="runScenario(io.cucumber.testng.PickleWrapper,io.cucumber.testng.FeatureWrapper)[pri:0, instance:Cucumber.TestNGTestRunner@3d74bf60]" started-at="2024-10-17T19:29:40 IST" name="runScenario" description="Runs Cucumber Scenarios" data-provider="scenarios" finished-at="2024-10-17T19:29:47 IST" duration-ms="7202" status="FAIL">
          <params>
            <param index="0">
              <value>
                <![CDATA["Positive Test of Submitting the order"]]>
              </value>
            </param>
            <param index="1">
              <value>
                <![CDATA["Purchase the order from Ecommerce Website"]]>
              </value>
            </param>
          </params>
          <exception class="java.lang.NullPointerException">
            <message>
              <![CDATA[Cannot invoke "swatikagalkaracademy.pageObjects.ConfirmationPage.getConfirmationMessage()" because "this.confirmPage" is null]]>
            </message>
            <full-stacktrace>
              <![CDATA[java.lang.NullPointerException: Cannot invoke "swatikagalkaracademy.pageObjects.ConfirmationPage.getConfirmationMessage()" because "this.confirmPage" is null
at swatikagalkaracademy.stepDefinitions.StepDefinitionImpl.message_is_displayed_on_confirmation_page(StepDefinitionImpl.java:56)
at ✽."THANKYOU FOR THE ORDER." message is displayed on Confirmation page.(file:///C:/Users/swati/eclipse-workspace/SeleniumFrameworkDesign2/src/test/java/Cucumber/SubmitOrder.feature:15)
]]>
            </full-stacktrace>
          </exception> <!-- java.lang.NullPointerException -->
          <reporter-output>
          </reporter-output>
        </test-method> <!-- runScenario -->
        <test-method is-config="true" signature="tearDownClass()[pri:0, instance:Cucumber.TestNGTestRunner@3d74bf60]" started-at="2024-10-17T19:29:47 IST" name="tearDownClass" finished-at="2024-10-17T19:29:47 IST" duration-ms="17" status="PASS">
          <reporter-output>
          </reporter-output>
        </test-method> <!-- tearDownClass -->
      </class> <!-- Cucumber.TestNGTestRunner -->
    </test> <!-- Surefire test -->
  </suite> <!-- Surefire suite -->
</testng-results>
