<?xml version="1.0" encoding="UTF-8"?>
<testsuite xmlns:xsi="http://www.w3.org/2001/XMLSchema-instance" xsi:noNamespaceSchemaLocation="https://maven.apache.org/surefire/maven-surefire-plugin/xsd/surefire-test-report.xsd" version="3.0.2" name="Cucumber.TestNGTestRunner" time="8.245" tests="1" errors="0" skipped="0" failures="1">
  <properties>
[...]
</properties>
  <testcase name="runScenario[&quot;Positive Test of Submitting the order&quot;, &quot;Purchase the order from Ecommerce Website&quot;](1)" classname="Cucumber.TestNGTestRunner" time="7.208">
    <failure message="Cannot invoke &quot;swatikagalkaracademy.pageObjects.ConfirmationPage.getConfirmationMessage()&quot; because &quot;this.confirmPage&quot; is null" type="java.lang.NullPointerException"><![CDATA[java.lang.NullPointerException: Cannot invoke "swatikagalkaracademy.pageObjects.ConfirmationPage.getConfirmationMessage()" because "this.confirmPage" is null
	at swatikagalkaracademy.stepDefinitions.StepDefinitionImpl.message_is_displayed_on_confirmation_page(StepDefinitionImpl.java:56)
	at ✽."THANKYOU FOR THE ORDER." message is displayed on Confirmation page.(file:///C:/Users/swati/eclipse-workspace/SeleniumFrameworkDesign2/src/test/java/Cucumber/SubmitOrder.feature:15)
]]></failure>
    <system-err><![CDATA[SLF4J: Failed to load class "org.slf4j.impl.StaticLoggerBinder".
SLF4J: Defaulting to no-operation (NOP) logger implementation
SLF4J: See http://www.slf4j.org/codes.html#StaticLoggerBinder for further details.
]]></system-err>
  </testcase>
</testsuite>