<?xml version="1.0" encoding="UTF-8"?>
<!-- Generated by org.testng.reporters.JUnitReportReporter -->
<testsuite hostname="Swati" failures="0" tests="3" name="swatikagalkaracademy.Tests.SubmitOrderTest" time="16.560" errors="0" timestamp="2024-10-17T13:35:37 IST" skipped="0">
  <testcase classname="swatikagalkaracademy.Tests.SubmitOrderTest" name="submitOrder" time="7.377"/>
  <testcase classname="swatikagalkaracademy.Tests.SubmitOrderTest" name="submitOrder" time="6.307"/>
  <testcase classname="swatikagalkaracademy.Tests.SubmitOrderTest" name="OrderHistoryTest" time="2.876"/>
</testsuite> <!-- swatikagalkaracademy.Tests.SubmitOrderTest -->
